Vivado Simulator v2023.2.2
Copyright 1986-2022 Xilinx, Inc. All Rights Reserved.
Copyright 2022-2023 Advanced Micro Devices, Inc. All Rights Reserved.
Running: C:/Xilinx/Vivado/2023.2/bin/unwrapped/win64.o/xelab.exe --incr --debug typical --relax --mt 2 -L xil_defaultlib -L uvm -L unisims_ver -L unimacro_ver -L secureip --snapshot AS2_ATS_tb_behav xil_defaultlib.AS2_ATS_tb xil_defaultlib.glbl -log elaborate.log 
Using 2 slave threads.
Starting static elaboration
Pass Through NonSizing Optimizer
WARNING: [VRFC 10-2649] an enum variable may only be assigned the same enum typed variable or one of its values [C:/projects/Vivado_Projects/AD9777_with_mult-main/AD9777_with_mult-main/DAC_par.srcs/sim_1/new/AS2_ATS_tb.sv:134]
Completed static elaboration
Starting simulation data flow analysis
WARNING: [XSIM 43-4099] "C:/projects/Vivado_Projects/AD9777_with_mult-main/AD9777_with_mult-main/DAC_par.srcs/sources_1/new/fifo.sv" Line 1. Module fifo doesn't have a timescale but at least one module in design has a timescale.
WARNING: [XSIM 43-4099] "C:/projects/Vivado_Projects/AD9777_with_mult-main/AD9777_with_mult-main/DAC_par.srcs/sources_1/new/fixed_point_linear.sv" Line 1. Module fixed_point_linear_default doesn't have a timescale but at least one module in design has a timescale.
WARNING: [XSIM 43-4099] "C:/projects/Vivado_Projects/AD9777_with_mult-main/AD9777_with_mult-main/DAC_par.srcs/sources_1/new/fixed_point_linear.sv" Line 1. Module fixed_point_linear_default doesn't have a timescale but at least one module in design has a timescale.
WARNING: [XSIM 43-4099] "C:/projects/Vivado_Projects/AD9777_with_mult-main/AD9777_with_mult-main/DAC_par.srcs/sources_1/new/ATS_main.sv" Line 8. Module ATS_main doesn't have a timescale but at least one module in design has a timescale.
WARNING: [XSIM 43-4099] "C:/projects/Vivado_Projects/AD9777_with_mult-main/AD9777_with_mult-main/DAC_par.srcs/sources_1/new/fixed_point_linear.sv" Line 1. Module fixed_point_linear_default doesn't have a timescale but at least one module in design has a timescale.
WARNING: [XSIM 43-4099] "C:/projects/Vivado_Projects/AD9777_with_mult-main/AD9777_with_mult-main/DAC_par.srcs/sources_1/new/fixed_point_linear.sv" Line 1. Module fixed_point_linear_default doesn't have a timescale but at least one module in design has a timescale.
WARNING: [XSIM 43-4099] "C:/projects/Vivado_Projects/AD9777_with_mult-main/AD9777_with_mult-main/DAC_par.srcs/sources_1/new/fifo_1.sv" Line 2. Module fifo_1(DATA_WIDTH=32) doesn't have a timescale but at least one module in design has a timescale.
WARNING: [XSIM 43-4099] "C:/projects/Vivado_Projects/AD9777_with_mult-main/AD9777_with_mult-main/DAC_par.srcs/sources_1/new/fifo.sv" Line 1. Module fifo doesn't have a timescale but at least one module in design has a timescale.
WARNING: [XSIM 43-4099] "C:/projects/Vivado_Projects/AD9777_with_mult-main/AD9777_with_mult-main/DAC_par.srcs/sources_1/new/fixed_point_linear.sv" Line 1. Module fixed_point_linear_default doesn't have a timescale but at least one module in design has a timescale.
WARNING: [XSIM 43-4099] "C:/projects/Vivado_Projects/AD9777_with_mult-main/AD9777_with_mult-main/DAC_par.srcs/sources_1/new/fixed_point_linear.sv" Line 1. Module fixed_point_linear_default doesn't have a timescale but at least one module in design has a timescale.
WARNING: [XSIM 43-4099] "C:/projects/Vivado_Projects/AD9777_with_mult-main/AD9777_with_mult-main/DAC_par.srcs/sources_1/new/ATS_main.sv" Line 8. Module ATS_main doesn't have a timescale but at least one module in design has a timescale.
WARNING: [XSIM 43-4099] "C:/projects/Vivado_Projects/AD9777_with_mult-main/AD9777_with_mult-main/DAC_par.srcs/sources_1/new/fixed_point_linear.sv" Line 1. Module fixed_point_linear_default doesn't have a timescale but at least one module in design has a timescale.
WARNING: [XSIM 43-4099] "C:/projects/Vivado_Projects/AD9777_with_mult-main/AD9777_with_mult-main/DAC_par.srcs/sources_1/new/fixed_point_linear.sv" Line 1. Module fixed_point_linear_default doesn't have a timescale but at least one module in design has a timescale.
WARNING: [XSIM 43-4099] "C:/projects/Vivado_Projects/AD9777_with_mult-main/AD9777_with_mult-main/DAC_par.srcs/sources_1/new/fifo_1.sv" Line 2. Module fifo_1(DATA_WIDTH=32) doesn't have a timescale but at least one module in design has a timescale.
Completed simulation data flow analysis
Time Resolution for simulation is 1ps
Compiling package xil_defaultlib.$unit_ATS_main_sv_1298301384
Compiling module xil_defaultlib.spi_controller
Compiling module xil_defaultlib.parallel_DAC_controller
Compiling module xil_defaultlib.fifo
Compiling module xil_defaultlib.fixed_point_linear_default
Compiling module xil_defaultlib.top
Compiling module xil_defaultlib.signal_delay(WIDTH=64,N=5)
Compiling module xil_defaultlib.fifo_1(DATA_WIDTH=32)
Compiling module xil_defaultlib.ATS_main
Compiling module xil_defaultlib.AS2_ATS
Compiling module xil_defaultlib.AS2_ATS_tb
Compiling module xil_defaultlib.glbl
Built simulation snapshot AS2_ATS_tb_behav
